<?xml version="1.0" encoding="UTF-8"?>
<!-- Generated by org.testng.reporters.JUnitReportReporter -->
<testsuite hostname="GS-2657" failures="0" tests="1" name="com.selenium.insurancecalctest.EndToEnd" time="12.892" errors="0" timestamp="2020-07-17T17:17:19 IST" skipped="0">
  <testcase classname="com.selenium.insurancecalctest.EndToEnd" name="insuranceCalculate" time="12.892"/>
</testsuite> <!-- com.selenium.insurancecalctest.EndToEnd -->
